[29-Jan-2016 04:41:22 UTC] PHP Fatal error:  Call to undefined function getUsers() in /home/ubuntu/workspace/2503ict1/lab4/assoc-laravel/app/routes.php on line 41
[29-Jan-2016 04:41:22 UTC] PHP Stack trace:
[29-Jan-2016 04:41:22 UTC] PHP   1. {main}() /home/ubuntu/workspace/2503ict1/lab4/assoc-laravel/public/index.php:0
[29-Jan-2016 04:41:22 UTC] PHP   2. Illuminate\Foundation\Application->run($request = *uninitialized*) /home/ubuntu/workspace/2503ict1/lab4/assoc-laravel/public/index.php:49
[29-Jan-2016 04:41:22 UTC] PHP   3. Stack\StackedHttpKernel->handle($request = *uninitialized*, $type = *uninitialized*, $catch = *uninitialized*) /home/ubuntu/workspace/2503ict1/lab4/assoc-laravel/vendor/laravel/framework/src/Illuminate/Foundation/Application.php:641
[29-Jan-2016 04:41:22 UTC] PHP   4. Illuminate\Cookie\Guard->handle($request = *uninitialized*, $type = *uninitialized*, $catch = *uninitialized*) /home/ubuntu/workspace/2503ict1/lab4/assoc-laravel/vendor/stack/builder/src/Stack/StackedHttpKernel.php:23
[29-Jan-2016 04:41:22 UTC] PHP   5. Illuminate\Cookie\Queue->handle($request = *uninitialized*, $type = *uninitialized*, $catch = *uninitialized*) /home/ubuntu/workspace/2503ict1/lab4/assoc-laravel/vendor/laravel/framework/src/Illuminate/Cookie/Guard.php:51
[29-Jan-2016 04:41:22 UTC] PHP   6. Illuminate\Session\Middleware->handle($request = *uninitialized*, $type = *uninitialized*, $catch = *uninitialized*) /home/ubuntu/workspace/2503ict1/lab4/assoc-laravel/vendor/laravel/framework/src/Illuminate/Cookie/Queue.php:47
[29-Jan-2016 04:41:22 UTC] PHP   7. Illuminate\Foundation\Application->handle($request = *uninitialized*, $type = *uninitialized*, $catch = *uninitialized*) /home/ubuntu/workspace/2503ict1/lab4/assoc-laravel/vendor/laravel/framework/src/Illuminate/Session/Middleware.php:72
[29-Jan-2016 04:41:22 UTC] PHP   8. Illuminate\Foundation\Application->dispatch($request = *uninitialized*) /home/ubuntu/workspace/2503ict1/lab4/assoc-laravel/vendor/laravel/framework/src/Illuminate/Foundation/Application.php:745
[29-Jan-2016 04:41:22 UTC] PHP   9. Illuminate\Routing\Router->dispatch($request = *uninitialized*) /home/ubuntu/workspace/2503ict1/lab4/assoc-laravel/vendor/laravel/framework/src/Illuminate/Foundation/Application.php:775
[29-Jan-2016 04:41:22 UTC] PHP  10. Illuminate\Routing\Router->dispatchToRoute($request = *uninitialized*) /home/ubuntu/workspace/2503ict1/lab4/assoc-laravel/vendor/laravel/framework/src/Illuminate/Routing/Router.php:1001
[29-Jan-2016 04:41:22 UTC] PHP  11. Illuminate\Routing\Route->run(*uninitialized*) /home/ubuntu/workspace/2503ict1/lab4/assoc-laravel/vendor/laravel/framework/src/Illuminate/Routing/Router.php:1033
[29-Jan-2016 04:41:22 UTC] PHP  12. call_user_func_array:{/home/ubuntu/workspace/2503ict1/lab4/assoc-laravel/vendor/laravel/framework/src/Illuminate/Routing/Route.php:109}(*uninitialized*, *uninitialized*) /home/ubuntu/workspace/2503ict1/lab4/assoc-laravel/vendor/laravel/framework/src/Illuminate/Routing/Route.php:109
[29-Jan-2016 04:41:22 UTC] PHP  13. {closure:/home/ubuntu/workspace/2503ict1/lab4/assoc-laravel/app/routes.php:25-34}() /home/ubuntu/workspace/2503ict1/lab4/assoc-laravel/vendor/laravel/framework/src/Illuminate/Routing/Route.php:109
[29-Jan-2016 04:41:22 UTC] PHP  14. search($name = *uninitialized*, $year = *uninitialized*, $state = *uninitialized*) /home/ubuntu/workspace/2503ict1/lab4/assoc-laravel/app/routes.php:31
[29-Jan-2016 04:51:35 UTC] PHP Fatal error:  Call to undefined function getUsers() in /home/ubuntu/workspace/2503ict1/lab4/assoc-laravel/app/routes.php on line 42
[29-Jan-2016 04:51:35 UTC] PHP Stack trace:
[29-Jan-2016 04:51:35 UTC] PHP   1. {main}() /home/ubuntu/workspace/2503ict1/lab4/assoc-laravel/public/index.php:0
[29-Jan-2016 04:51:35 UTC] PHP   2. Illuminate\Foundation\Application->run($request = *uninitialized*) /home/ubuntu/workspace/2503ict1/lab4/assoc-laravel/public/index.php:49
[29-Jan-2016 04:51:35 UTC] PHP   3. Stack\StackedHttpKernel->handle($request = *uninitialized*, $type = *uninitialized*, $catch = *uninitialized*) /home/ubuntu/workspace/2503ict1/lab4/assoc-laravel/vendor/laravel/framework/src/Illuminate/Foundation/Application.php:641
[29-Jan-2016 04:51:35 UTC] PHP   4. Illuminate\Cookie\Guard->handle($request = *uninitialized*, $type = *uninitialized*, $catch = *uninitialized*) /home/ubuntu/workspace/2503ict1/lab4/assoc-laravel/vendor/stack/builder/src/Stack/StackedHttpKernel.php:23
[29-Jan-2016 04:51:35 UTC] PHP   5. Illuminate\Cookie\Queue->handle($request = *uninitialized*, $type = *uninitialized*, $catch = *uninitialized*) /home/ubuntu/workspace/2503ict1/lab4/assoc-laravel/vendor/laravel/framework/src/Illuminate/Cookie/Guard.php:51
[29-Jan-2016 04:51:35 UTC] PHP   6. Illuminate\Session\Middleware->handle($request = *uninitialized*, $type = *uninitialized*, $catch = *uninitialized*) /home/ubuntu/workspace/2503ict1/lab4/assoc-laravel/vendor/laravel/framework/src/Illuminate/Cookie/Queue.php:47
[29-Jan-2016 04:51:35 UTC] PHP   7. Illuminate\Foundation\Application->handle($request = *uninitialized*, $type = *uninitialized*, $catch = *uninitialized*) /home/ubuntu/workspace/2503ict1/lab4/assoc-laravel/vendor/laravel/framework/src/Illuminate/Session/Middleware.php:72
[29-Jan-2016 04:51:35 UTC] PHP   8. Illuminate\Foundation\Application->dispatch($request = *uninitialized*) /home/ubuntu/workspace/2503ict1/lab4/assoc-laravel/vendor/laravel/framework/src/Illuminate/Foundation/Application.php:745
[29-Jan-2016 04:51:35 UTC] PHP   9. Illuminate\Routing\Router->dispatch($request = *uninitialized*) /home/ubuntu/workspace/2503ict1/lab4/assoc-laravel/vendor/laravel/framework/src/Illuminate/Foundation/Application.php:775
[29-Jan-2016 04:51:35 UTC] PHP  10. Illuminate\Routing\Router->dispatchToRoute($request = *uninitialized*) /home/ubuntu/workspace/2503ict1/lab4/assoc-laravel/vendor/laravel/framework/src/Illuminate/Routing/Router.php:1001
[29-Jan-2016 04:51:35 UTC] PHP  11. Illuminate\Routing\Route->run(*uninitialized*) /home/ubuntu/workspace/2503ict1/lab4/assoc-laravel/vendor/laravel/framework/src/Illuminate/Routing/Router.php:1033
[29-Jan-2016 04:51:35 UTC] PHP  12. call_user_func_array:{/home/ubuntu/workspace/2503ict1/lab4/assoc-laravel/vendor/laravel/framework/src/Illuminate/Routing/Route.php:109}(*uninitialized*, *uninitialized*) /home/ubuntu/workspace/2503ict1/lab4/assoc-laravel/vendor/laravel/framework/src/Illuminate/Routing/Route.php:109
[29-Jan-2016 04:51:35 UTC] PHP  13. {closure:/home/ubuntu/workspace/2503ict1/lab4/assoc-laravel/app/routes.php:25-35}() /home/ubuntu/workspace/2503ict1/lab4/assoc-laravel/vendor/laravel/framework/src/Illuminate/Routing/Route.php:109
[29-Jan-2016 04:51:35 UTC] PHP  14. search($name = *uninitialized*, $address = *uninitialized*, $phone = *uninitialized*, $email = *uninitialized*) /home/ubuntu/workspace/2503ict1/lab4/assoc-laravel/app/routes.php:32
[29-Jan-2016 05:05:06 UTC] PHP Fatal error:  Call to undefined function getUsers() in /home/ubuntu/workspace/2503ict1/lab4/assoc-laravel/app/routes.php on line 42
[29-Jan-2016 05:05:06 UTC] PHP Stack trace:
[29-Jan-2016 05:05:06 UTC] PHP   1. {main}() /home/ubuntu/workspace/2503ict1/lab4/assoc-laravel/public/index.php:0
[29-Jan-2016 05:05:06 UTC] PHP   2. Illuminate\Foundation\Application->run() /home/ubuntu/workspace/2503ict1/lab4/assoc-laravel/public/index.php:49
[29-Jan-2016 05:05:06 UTC] PHP   3. Stack\StackedHttpKernel->handle() /home/ubuntu/workspace/2503ict1/lab4/assoc-laravel/vendor/laravel/framework/src/Illuminate/Foundation/Application.php:641
[29-Jan-2016 05:05:06 UTC] PHP   4. Illuminate\Cookie\Guard->handle() /home/ubuntu/workspace/2503ict1/lab4/assoc-laravel/vendor/stack/builder/src/Stack/StackedHttpKernel.php:23
[29-Jan-2016 05:05:06 UTC] PHP   5. Illuminate\Cookie\Queue->handle() /home/ubuntu/workspace/2503ict1/lab4/assoc-laravel/vendor/laravel/framework/src/Illuminate/Cookie/Guard.php:51
[29-Jan-2016 05:05:06 UTC] PHP   6. Illuminate\Session\Middleware->handle() /home/ubuntu/workspace/2503ict1/lab4/assoc-laravel/vendor/laravel/framework/src/Illuminate/Cookie/Queue.php:47
[29-Jan-2016 05:05:06 UTC] PHP   7. Illuminate\Foundation\Application->handle() /home/ubuntu/workspace/2503ict1/lab4/assoc-laravel/vendor/laravel/framework/src/Illuminate/Session/Middleware.php:72
[29-Jan-2016 05:05:06 UTC] PHP   8. Illuminate\Foundation\Application->dispatch() /home/ubuntu/workspace/2503ict1/lab4/assoc-laravel/vendor/laravel/framework/src/Illuminate/Foundation/Application.php:745
[29-Jan-2016 05:05:06 UTC] PHP   9. Illuminate\Routing\Router->dispatch() /home/ubuntu/workspace/2503ict1/lab4/assoc-laravel/vendor/laravel/framework/src/Illuminate/Foundation/Application.php:775
[29-Jan-2016 05:05:06 UTC] PHP  10. Illuminate\Routing\Router->dispatchToRoute() /home/ubuntu/workspace/2503ict1/lab4/assoc-laravel/vendor/laravel/framework/src/Illuminate/Routing/Router.php:1001
[29-Jan-2016 05:05:06 UTC] PHP  11. Illuminate\Routing\Route->run() /home/ubuntu/workspace/2503ict1/lab4/assoc-laravel/vendor/laravel/framework/src/Illuminate/Routing/Router.php:1033
[29-Jan-2016 05:05:06 UTC] PHP  12. call_user_func_array:{/home/ubuntu/workspace/2503ict1/lab4/assoc-laravel/vendor/laravel/framework/src/Illuminate/Routing/Route.php:109}() /home/ubuntu/workspace/2503ict1/lab4/assoc-laravel/vendor/laravel/framework/src/Illuminate/Routing/Route.php:109
[29-Jan-2016 05:05:06 UTC] PHP  13. {closure:/home/ubuntu/workspace/2503ict1/lab4/assoc-laravel/app/routes.php:25-35}() /home/ubuntu/workspace/2503ict1/lab4/assoc-laravel/vendor/laravel/framework/src/Illuminate/Routing/Route.php:109
[29-Jan-2016 05:05:06 UTC] PHP  14. search() /home/ubuntu/workspace/2503ict1/lab4/assoc-laravel/app/routes.php:32
[29-Jan-2016 05:06:27 UTC] PHP Fatal error:  Call to undefined function getUsers() in /home/ubuntu/workspace/2503ict1/lab4/assoc-laravel/app/routes.php on line 42
[29-Jan-2016 05:06:27 UTC] PHP Stack trace:
[29-Jan-2016 05:06:27 UTC] PHP   1. {main}() /home/ubuntu/workspace/2503ict1/lab4/assoc-laravel/public/index.php:0
[29-Jan-2016 05:06:27 UTC] PHP   2. Illuminate\Foundation\Application->run() /home/ubuntu/workspace/2503ict1/lab4/assoc-laravel/public/index.php:49
[29-Jan-2016 05:06:27 UTC] PHP   3. Stack\StackedHttpKernel->handle() /home/ubuntu/workspace/2503ict1/lab4/assoc-laravel/vendor/laravel/framework/src/Illuminate/Foundation/Application.php:641
[29-Jan-2016 05:06:27 UTC] PHP   4. Illuminate\Cookie\Guard->handle() /home/ubuntu/workspace/2503ict1/lab4/assoc-laravel/vendor/stack/builder/src/Stack/StackedHttpKernel.php:23
[29-Jan-2016 05:06:27 UTC] PHP   5. Illuminate\Cookie\Queue->handle() /home/ubuntu/workspace/2503ict1/lab4/assoc-laravel/vendor/laravel/framework/src/Illuminate/Cookie/Guard.php:51
[29-Jan-2016 05:06:27 UTC] PHP   6. Illuminate\Session\Middleware->handle() /home/ubuntu/workspace/2503ict1/lab4/assoc-laravel/vendor/laravel/framework/src/Illuminate/Cookie/Queue.php:47
[29-Jan-2016 05:06:27 UTC] PHP   7. Illuminate\Foundation\Application->handle() /home/ubuntu/workspace/2503ict1/lab4/assoc-laravel/vendor/laravel/framework/src/Illuminate/Session/Middleware.php:72
[29-Jan-2016 05:06:27 UTC] PHP   8. Illuminate\Foundation\Application->dispatch() /home/ubuntu/workspace/2503ict1/lab4/assoc-laravel/vendor/laravel/framework/src/Illuminate/Foundation/Application.php:745
[29-Jan-2016 05:06:27 UTC] PHP   9. Illuminate\Routing\Router->dispatch() /home/ubuntu/workspace/2503ict1/lab4/assoc-laravel/vendor/laravel/framework/src/Illuminate/Foundation/Application.php:775
[29-Jan-2016 05:06:27 UTC] PHP  10. Illuminate\Routing\Router->dispatchToRoute() /home/ubuntu/workspace/2503ict1/lab4/assoc-laravel/vendor/laravel/framework/src/Illuminate/Routing/Router.php:1001
[29-Jan-2016 05:06:27 UTC] PHP  11. Illuminate\Routing\Route->run() /home/ubuntu/workspace/2503ict1/lab4/assoc-laravel/vendor/laravel/framework/src/Illuminate/Routing/Router.php:1033
[29-Jan-2016 05:06:27 UTC] PHP  12. call_user_func_array:{/home/ubuntu/workspace/2503ict1/lab4/assoc-laravel/vendor/laravel/framework/src/Illuminate/Routing/Route.php:109}() /home/ubuntu/workspace/2503ict1/lab4/assoc-laravel/vendor/laravel/framework/src/Illuminate/Routing/Route.php:109
[29-Jan-2016 05:06:27 UTC] PHP  13. {closure:/home/ubuntu/workspace/2503ict1/lab4/assoc-laravel/app/routes.php:25-35}() /home/ubuntu/workspace/2503ict1/lab4/assoc-laravel/vendor/laravel/framework/src/Illuminate/Routing/Route.php:109
[29-Jan-2016 05:06:27 UTC] PHP  14. search() /home/ubuntu/workspace/2503ict1/lab4/assoc-laravel/app/routes.php:32
[29-Jan-2016 05:07:07 UTC] PHP Fatal error:  Call to undefined function getUsers() in /home/ubuntu/workspace/2503ict1/lab4/assoc-laravel/app/routes.php on line 42
[29-Jan-2016 05:07:07 UTC] PHP Stack trace:
[29-Jan-2016 05:07:07 UTC] PHP   1. {main}() /home/ubuntu/workspace/2503ict1/lab4/assoc-laravel/public/index.php:0
[29-Jan-2016 05:07:07 UTC] PHP   2. Illuminate\Foundation\Application->run() /home/ubuntu/workspace/2503ict1/lab4/assoc-laravel/public/index.php:49
[29-Jan-2016 05:07:07 UTC] PHP   3. Stack\StackedHttpKernel->handle() /home/ubuntu/workspace/2503ict1/lab4/assoc-laravel/vendor/laravel/framework/src/Illuminate/Foundation/Application.php:641
[29-Jan-2016 05:07:07 UTC] PHP   4. Illuminate\Cookie\Guard->handle() /home/ubuntu/workspace/2503ict1/lab4/assoc-laravel/vendor/stack/builder/src/Stack/StackedHttpKernel.php:23
[29-Jan-2016 05:07:07 UTC] PHP   5. Illuminate\Cookie\Queue->handle() /home/ubuntu/workspace/2503ict1/lab4/assoc-laravel/vendor/laravel/framework/src/Illuminate/Cookie/Guard.php:51
[29-Jan-2016 05:07:07 UTC] PHP   6. Illuminate\Session\Middleware->handle() /home/ubuntu/workspace/2503ict1/lab4/assoc-laravel/vendor/laravel/framework/src/Illuminate/Cookie/Queue.php:47
[29-Jan-2016 05:07:07 UTC] PHP   7. Illuminate\Foundation\Application->handle() /home/ubuntu/workspace/2503ict1/lab4/assoc-laravel/vendor/laravel/framework/src/Illuminate/Session/Middleware.php:72
[29-Jan-2016 05:07:07 UTC] PHP   8. Illuminate\Foundation\Application->dispatch() /home/ubuntu/workspace/2503ict1/lab4/assoc-laravel/vendor/laravel/framework/src/Illuminate/Foundation/Application.php:745
[29-Jan-2016 05:07:07 UTC] PHP   9. Illuminate\Routing\Router->dispatch() /home/ubuntu/workspace/2503ict1/lab4/assoc-laravel/vendor/laravel/framework/src/Illuminate/Foundation/Application.php:775
[29-Jan-2016 05:07:07 UTC] PHP  10. Illuminate\Routing\Router->dispatchToRoute() /home/ubuntu/workspace/2503ict1/lab4/assoc-laravel/vendor/laravel/framework/src/Illuminate/Routing/Router.php:1001
[29-Jan-2016 05:07:07 UTC] PHP  11. Illuminate\Routing\Route->run() /home/ubuntu/workspace/2503ict1/lab4/assoc-laravel/vendor/laravel/framework/src/Illuminate/Routing/Router.php:1033
[29-Jan-2016 05:07:07 UTC] PHP  12. call_user_func_array:{/home/ubuntu/workspace/2503ict1/lab4/assoc-laravel/vendor/laravel/framework/src/Illuminate/Routing/Route.php:109}() /home/ubuntu/workspace/2503ict1/lab4/assoc-laravel/vendor/laravel/framework/src/Illuminate/Routing/Route.php:109
[29-Jan-2016 05:07:07 UTC] PHP  13. {closure:/home/ubuntu/workspace/2503ict1/lab4/assoc-laravel/app/routes.php:25-35}() /home/ubuntu/workspace/2503ict1/lab4/assoc-laravel/vendor/laravel/framework/src/Illuminate/Routing/Route.php:109
[29-Jan-2016 05:07:07 UTC] PHP  14. search() /home/ubuntu/workspace/2503ict1/lab4/assoc-laravel/app/routes.php:32
[01-Feb-2016 03:08:56 UTC] PHP Fatal error:  Class 'Way\Generators\GeneratorsServiceProvider' not found in /home/ubuntu/workspace/2503ict1/lab4/assoc-laravel/vendor/laravel/framework/src/Illuminate/Foundation/ProviderRepository.php on line 157
[01-Feb-2016 03:08:56 UTC] PHP Stack trace:
[01-Feb-2016 03:08:56 UTC] PHP   1. {main}() /home/ubuntu/workspace/2503ict1/lab4/assoc-laravel/public/index.php:0
[01-Feb-2016 03:08:56 UTC] PHP   2. require_once() /home/ubuntu/workspace/2503ict1/lab4/assoc-laravel/public/index.php:35
[01-Feb-2016 03:08:56 UTC] PHP   3. require() /home/ubuntu/workspace/2503ict1/lab4/assoc-laravel/bootstrap/start.php:60
[01-Feb-2016 03:08:56 UTC] PHP   4. Illuminate\Foundation\ProviderRepository->load($app = *uninitialized*, $providers = *uninitialized*) /home/ubuntu/workspace/2503ict1/lab4/assoc-laravel/vendor/laravel/framework/src/Illuminate/Foundation/start.php:210
[01-Feb-2016 03:08:56 UTC] PHP   5. Illuminate\Foundation\ProviderRepository->compileManifest($app = *uninitialized*, $providers = *uninitialized*) /home/ubuntu/workspace/2503ict1/lab4/assoc-laravel/vendor/laravel/framework/src/Illuminate/Foundation/ProviderRepository.php:57
[01-Feb-2016 03:08:56 UTC] PHP   6. Illuminate\Foundation\ProviderRepository->createProvider($app = *uninitialized*, $provider = *uninitialized*) /home/ubuntu/workspace/2503ict1/lab4/assoc-laravel/vendor/laravel/framework/src/Illuminate/Foundation/ProviderRepository.php:121
[01-Feb-2016 03:59:09 UTC] PHP Fatal error:  Call to a member function withName() on a non-object in /home/ubuntu/workspace/2503ict1/lab4/assoc-laravel/app/routes.php on line 27
[01-Feb-2016 03:59:09 UTC] PHP Stack trace:
[01-Feb-2016 03:59:09 UTC] PHP   1. {main}() /home/ubuntu/workspace/2503ict1/lab4/assoc-laravel/public/index.php:0
[01-Feb-2016 03:59:09 UTC] PHP   2. Illuminate\Foundation\Application->run($request = *uninitialized*) /home/ubuntu/workspace/2503ict1/lab4/assoc-laravel/public/index.php:49
[01-Feb-2016 03:59:09 UTC] PHP   3. Stack\StackedHttpKernel->handle($request = *uninitialized*, $type = *uninitialized*, $catch = *uninitialized*) /home/ubuntu/workspace/2503ict1/lab4/assoc-laravel/vendor/laravel/framework/src/Illuminate/Foundation/Application.php:641
[01-Feb-2016 03:59:09 UTC] PHP   4. Illuminate\Cookie\Guard->handle($request = *uninitialized*, $type = *uninitialized*, $catch = *uninitialized*) /home/ubuntu/workspace/2503ict1/lab4/assoc-laravel/vendor/stack/builder/src/Stack/StackedHttpKernel.php:23
[01-Feb-2016 03:59:09 UTC] PHP   5. Illuminate\Cookie\Queue->handle($request = *uninitialized*, $type = *uninitialized*, $catch = *uninitialized*) /home/ubuntu/workspace/2503ict1/lab4/assoc-laravel/vendor/laravel/framework/src/Illuminate/Cookie/Guard.php:51
[01-Feb-2016 03:59:09 UTC] PHP   6. Illuminate\Session\Middleware->handle($request = *uninitialized*, $type = *uninitialized*, $catch = *uninitialized*) /home/ubuntu/workspace/2503ict1/lab4/assoc-laravel/vendor/laravel/framework/src/Illuminate/Cookie/Queue.php:47
[01-Feb-2016 03:59:09 UTC] PHP   7. Illuminate\Foundation\Application->handle($request = *uninitialized*, $type = *uninitialized*, $catch = *uninitialized*) /home/ubuntu/workspace/2503ict1/lab4/assoc-laravel/vendor/laravel/framework/src/Illuminate/Session/Middleware.php:72
[01-Feb-2016 03:59:09 UTC] PHP   8. Illuminate\Foundation\Application->dispatch($request = *uninitialized*) /home/ubuntu/workspace/2503ict1/lab4/assoc-laravel/vendor/laravel/framework/src/Illuminate/Foundation/Application.php:745
[01-Feb-2016 03:59:09 UTC] PHP   9. Illuminate\Routing\Router->dispatch($request = *uninitialized*) /home/ubuntu/workspace/2503ict1/lab4/assoc-laravel/vendor/laravel/framework/src/Illuminate/Foundation/Application.php:775
[01-Feb-2016 03:59:09 UTC] PHP  10. Illuminate\Routing\Router->dispatchToRoute($request = *uninitialized*) /home/ubuntu/workspace/2503ict1/lab4/assoc-laravel/vendor/laravel/framework/src/Illuminate/Routing/Router.php:1001
[01-Feb-2016 03:59:09 UTC] PHP  11. Illuminate\Routing\Route->run(*uninitialized*) /home/ubuntu/workspace/2503ict1/lab4/assoc-laravel/vendor/laravel/framework/src/Illuminate/Routing/Router.php:1033
[01-Feb-2016 03:59:09 UTC] PHP  12. call_user_func_array:{/home/ubuntu/workspace/2503ict1/lab4/assoc-laravel/vendor/laravel/framework/src/Illuminate/Routing/Route.php:109}(*uninitialized*, *uninitialized*) /home/ubuntu/workspace/2503ict1/lab4/assoc-laravel/vendor/laravel/framework/src/Illuminate/Routing/Route.php:109
[01-Feb-2016 03:59:09 UTC] PHP  13. {closure:/home/ubuntu/workspace/2503ict1/lab4/assoc-laravel/app/routes.php:25-35}() /home/ubuntu/workspace/2503ict1/lab4/assoc-laravel/vendor/laravel/framework/src/Illuminate/Routing/Route.php:109
[01-Feb-2016 04:25:44 UTC] PHP Parse error:  syntax error, unexpected '->' (T_OBJECT_OPERATOR) in /home/ubuntu/workspace/2503ict1/lab4/assoc-laravel/app/routes.php on line 36
[01-Feb-2016 04:25:44 UTC] PHP Stack trace:
[01-Feb-2016 04:25:44 UTC] PHP   1. {main}() /home/ubuntu/workspace/2503ict1/lab4/assoc-laravel/public/index.php:0
[01-Feb-2016 04:25:44 UTC] PHP   2. Illuminate\Foundation\Application->run($request = *uninitialized*) /home/ubuntu/workspace/2503ict1/lab4/assoc-laravel/public/index.php:49
[01-Feb-2016 04:25:44 UTC] PHP   3. Stack\StackedHttpKernel->handle($request = *uninitialized*, $type = *uninitialized*, $catch = *uninitialized*) /home/ubuntu/workspace/2503ict1/lab4/assoc-laravel/vendor/laravel/framework/src/Illuminate/Foundation/Application.php:641
[01-Feb-2016 04:25:44 UTC] PHP   4. Illuminate\Cookie\Guard->handle($request = *uninitialized*, $type = *uninitialized*, $catch = *uninitialized*) /home/ubuntu/workspace/2503ict1/lab4/assoc-laravel/vendor/stack/builder/src/Stack/StackedHttpKernel.php:23
[01-Feb-2016 04:25:44 UTC] PHP   5. Illuminate\Cookie\Queue->handle($request = *uninitialized*, $type = *uninitialized*, $catch = *uninitialized*) /home/ubuntu/workspace/2503ict1/lab4/assoc-laravel/vendor/laravel/framework/src/Illuminate/Cookie/Guard.php:51
[01-Feb-2016 04:25:44 UTC] PHP   6. Illuminate\Session\Middleware->handle($request = *uninitialized*, $type = *uninitialized*, $catch = *uninitialized*) /home/ubuntu/workspace/2503ict1/lab4/assoc-laravel/vendor/laravel/framework/src/Illuminate/Cookie/Queue.php:47
[01-Feb-2016 04:25:44 UTC] PHP   7. Illuminate\Foundation\Application->handle($request = *uninitialized*, $type = *uninitialized*, $catch = *uninitialized*) /home/ubuntu/workspace/2503ict1/lab4/assoc-laravel/vendor/laravel/framework/src/Illuminate/Session/Middleware.php:72
[01-Feb-2016 04:25:44 UTC] PHP   8. Illuminate\Foundation\Application->boot() /home/ubuntu/workspace/2503ict1/lab4/assoc-laravel/vendor/laravel/framework/src/Illuminate/Foundation/Application.php:743
[01-Feb-2016 04:25:44 UTC] PHP   9. Illuminate\Foundation\Application->bootApplication() /home/ubuntu/workspace/2503ict1/lab4/assoc-laravel/vendor/laravel/framework/src/Illuminate/Foundation/Application.php:587
[01-Feb-2016 04:25:44 UTC] PHP  10. Illuminate\Foundation\Application->fireAppCallbacks($callbacks = *uninitialized*) /home/ubuntu/workspace/2503ict1/lab4/assoc-laravel/vendor/laravel/framework/src/Illuminate/Foundation/Application.php:604
[01-Feb-2016 04:25:44 UTC] PHP  11. call_user_func:{/home/ubuntu/workspace/2503ict1/lab4/assoc-laravel/vendor/laravel/framework/src/Illuminate/Foundation/Application.php:830}(*uninitialized*, *uninitialized*) /home/ubuntu/workspace/2503ict1/lab4/assoc-laravel/vendor/laravel/framework/src/Illuminate/Foundation/Application.php:830
[01-Feb-2016 04:25:44 UTC] PHP  12. {closure:/home/ubuntu/workspace/2503ict1/lab4/assoc-laravel/vendor/laravel/framework/src/Illuminate/Foundation/start.php:223-271}(*uninitialized*) /home/ubuntu/workspace/2503ict1/lab4/assoc-laravel/vendor/laravel/framework/src/Illuminate/Foundation/Application.php:830
[01-Feb-2016 04:26:37 UTC] PHP Parse error:  syntax error, unexpected '->' (T_OBJECT_OPERATOR) in /home/ubuntu/workspace/2503ict1/lab4/assoc-laravel/app/routes.php on line 36
[01-Feb-2016 04:26:37 UTC] PHP Stack trace:
[01-Feb-2016 04:26:37 UTC] PHP   1. {main}() /home/ubuntu/workspace/2503ict1/lab4/assoc-laravel/public/index.php:0
[01-Feb-2016 04:26:37 UTC] PHP   2. Illuminate\Foundation\Application->run($request = *uninitialized*) /home/ubuntu/workspace/2503ict1/lab4/assoc-laravel/public/index.php:49
[01-Feb-2016 04:26:37 UTC] PHP   3. Stack\StackedHttpKernel->handle($request = *uninitialized*, $type = *uninitialized*, $catch = *uninitialized*) /home/ubuntu/workspace/2503ict1/lab4/assoc-laravel/vendor/laravel/framework/src/Illuminate/Foundation/Application.php:641
[01-Feb-2016 04:26:37 UTC] PHP   4. Illuminate\Cookie\Guard->handle($request = *uninitialized*, $type = *uninitialized*, $catch = *uninitialized*) /home/ubuntu/workspace/2503ict1/lab4/assoc-laravel/vendor/stack/builder/src/Stack/StackedHttpKernel.php:23
[01-Feb-2016 04:26:37 UTC] PHP   5. Illuminate\Cookie\Queue->handle($request = *uninitialized*, $type = *uninitialized*, $catch = *uninitialized*) /home/ubuntu/workspace/2503ict1/lab4/assoc-laravel/vendor/laravel/framework/src/Illuminate/Cookie/Guard.php:51
[01-Feb-2016 04:26:37 UTC] PHP   6. Illuminate\Session\Middleware->handle($request = *uninitialized*, $type = *uninitialized*, $catch = *uninitialized*) /home/ubuntu/workspace/2503ict1/lab4/assoc-laravel/vendor/laravel/framework/src/Illuminate/Cookie/Queue.php:47
[01-Feb-2016 04:26:37 UTC] PHP   7. Illuminate\Foundation\Application->handle($request = *uninitialized*, $type = *uninitialized*, $catch = *uninitialized*) /home/ubuntu/workspace/2503ict1/lab4/assoc-laravel/vendor/laravel/framework/src/Illuminate/Session/Middleware.php:72
[01-Feb-2016 04:26:37 UTC] PHP   8. Illuminate\Foundation\Application->boot() /home/ubuntu/workspace/2503ict1/lab4/assoc-laravel/vendor/laravel/framework/src/Illuminate/Foundation/Application.php:743
[01-Feb-2016 04:26:37 UTC] PHP   9. Illuminate\Foundation\Application->bootApplication() /home/ubuntu/workspace/2503ict1/lab4/assoc-laravel/vendor/laravel/framework/src/Illuminate/Foundation/Application.php:587
[01-Feb-2016 04:26:37 UTC] PHP  10. Illuminate\Foundation\Application->fireAppCallbacks($callbacks = *uninitialized*) /home/ubuntu/workspace/2503ict1/lab4/assoc-laravel/vendor/laravel/framework/src/Illuminate/Foundation/Application.php:604
[01-Feb-2016 04:26:37 UTC] PHP  11. call_user_func:{/home/ubuntu/workspace/2503ict1/lab4/assoc-laravel/vendor/laravel/framework/src/Illuminate/Foundation/Application.php:830}(*uninitialized*, *uninitialized*) /home/ubuntu/workspace/2503ict1/lab4/assoc-laravel/vendor/laravel/framework/src/Illuminate/Foundation/Application.php:830
[01-Feb-2016 04:26:37 UTC] PHP  12. {closure:/home/ubuntu/workspace/2503ict1/lab4/assoc-laravel/vendor/laravel/framework/src/Illuminate/Foundation/start.php:223-271}(*uninitialized*) /home/ubuntu/workspace/2503ict1/lab4/assoc-laravel/vendor/laravel/framework/src/Illuminate/Foundation/Application.php:830
[03-Feb-2016 00:17:25 UTC] PHP Warning:  include(../../Smarty/libs/Smarty.class.php): failed to open stream: No such file or directory in /home/ubuntu/workspace/2503ict1/lab6/assoc-laravel/public/index.php on line 6
[03-Feb-2016 00:17:25 UTC] PHP Stack trace:
[03-Feb-2016 00:17:25 UTC] PHP   1. {main}() /home/ubuntu/workspace/2503ict1/lab6/assoc-laravel/public/index.php:0
[03-Feb-2016 00:17:25 UTC] PHP Warning:  include(): Failed opening '../../Smarty/libs/Smarty.class.php' for inclusion (include_path='.:/usr/share/php:/usr/share/pear') in /home/ubuntu/workspace/2503ict1/lab6/assoc-laravel/public/index.php on line 6
[03-Feb-2016 00:17:25 UTC] PHP Stack trace:
[03-Feb-2016 00:17:25 UTC] PHP   1. {main}() /home/ubuntu/workspace/2503ict1/lab6/assoc-laravel/public/index.php:0
[03-Feb-2016 00:17:25 UTC] PHP Fatal error:  Class 'Smarty' not found in /home/ubuntu/workspace/2503ict1/lab6/assoc-laravel/public/index.php on line 10
[03-Feb-2016 00:17:25 UTC] PHP Stack trace:
[03-Feb-2016 00:17:25 UTC] PHP   1. {main}() /home/ubuntu/workspace/2503ict1/lab6/assoc-laravel/public/index.php:0
[03-Feb-2016 00:17:36 UTC] PHP Warning:  include(../../Smarty/libs/Smarty.class.php): failed to open stream: No such file or directory in /home/ubuntu/workspace/2503ict1/lab6/assoc-laravel/public/index.php on line 6
[03-Feb-2016 00:17:36 UTC] PHP Stack trace:
[03-Feb-2016 00:17:36 UTC] PHP   1. {main}() /home/ubuntu/workspace/2503ict1/lab6/assoc-laravel/public/index.php:0
[03-Feb-2016 00:17:36 UTC] PHP Warning:  include(): Failed opening '../../Smarty/libs/Smarty.class.php' for inclusion (include_path='.:/usr/share/php:/usr/share/pear') in /home/ubuntu/workspace/2503ict1/lab6/assoc-laravel/public/index.php on line 6
[03-Feb-2016 00:17:36 UTC] PHP Stack trace:
[03-Feb-2016 00:17:36 UTC] PHP   1. {main}() /home/ubuntu/workspace/2503ict1/lab6/assoc-laravel/public/index.php:0
[03-Feb-2016 00:17:36 UTC] PHP Fatal error:  Class 'Smarty' not found in /home/ubuntu/workspace/2503ict1/lab6/assoc-laravel/public/index.php on line 10
[03-Feb-2016 00:17:36 UTC] PHP Stack trace:
[03-Feb-2016 00:17:36 UTC] PHP   1. {main}() /home/ubuntu/workspace/2503ict1/lab6/assoc-laravel/public/index.php:0
[03-Feb-2016 00:36:01 UTC] PHP Warning:  include(../../Smarty/libs/Smarty.class.php): failed to open stream: No such file or directory in /home/ubuntu/workspace/2503ict1/lab6/assoc-laravel/public/index.php on line 6
[03-Feb-2016 00:36:01 UTC] PHP Stack trace:
[03-Feb-2016 00:36:01 UTC] PHP   1. {main}() /home/ubuntu/workspace/2503ict1/lab6/assoc-laravel/public/index.php:0
[03-Feb-2016 00:36:01 UTC] PHP Warning:  include(): Failed opening '../../Smarty/libs/Smarty.class.php' for inclusion (include_path='.:/usr/share/php:/usr/share/pear') in /home/ubuntu/workspace/2503ict1/lab6/assoc-laravel/public/index.php on line 6
[03-Feb-2016 00:36:01 UTC] PHP Stack trace:
[03-Feb-2016 00:36:01 UTC] PHP   1. {main}() /home/ubuntu/workspace/2503ict1/lab6/assoc-laravel/public/index.php:0
[03-Feb-2016 00:36:01 UTC] PHP Fatal error:  Class 'Smarty' not found in /home/ubuntu/workspace/2503ict1/lab6/assoc-laravel/public/index.php on line 10
[03-Feb-2016 00:36:01 UTC] PHP Stack trace:
[03-Feb-2016 00:36:01 UTC] PHP   1. {main}() /home/ubuntu/workspace/2503ict1/lab6/assoc-laravel/public/index.php:0
[03-Feb-2016 00:37:41 UTC] PHP Warning:  include(../../Smarty/libs/Smarty.class.php): failed to open stream: No such file or directory in /home/ubuntu/workspace/2503ict1/lab6/assoc-laravel/public/index.php on line 6
[03-Feb-2016 00:37:41 UTC] PHP Stack trace:
[03-Feb-2016 00:37:41 UTC] PHP   1. {main}() /home/ubuntu/workspace/2503ict1/lab6/assoc-laravel/public/index.php:0
[03-Feb-2016 00:37:41 UTC] PHP Warning:  include(): Failed opening '../../Smarty/libs/Smarty.class.php' for inclusion (include_path='.:/usr/share/php:/usr/share/pear') in /home/ubuntu/workspace/2503ict1/lab6/assoc-laravel/public/index.php on line 6
[03-Feb-2016 00:37:41 UTC] PHP Stack trace:
[03-Feb-2016 00:37:41 UTC] PHP   1. {main}() /home/ubuntu/workspace/2503ict1/lab6/assoc-laravel/public/index.php:0
[03-Feb-2016 00:37:41 UTC] PHP Fatal error:  Class 'Smarty' not found in /home/ubuntu/workspace/2503ict1/lab6/assoc-laravel/public/index.php on line 10
[03-Feb-2016 00:37:41 UTC] PHP Stack trace:
[03-Feb-2016 00:37:41 UTC] PHP   1. {main}() /home/ubuntu/workspace/2503ict1/lab6/assoc-laravel/public/index.php:0
[03-Feb-2016 00:37:51 UTC] PHP Warning:  include(../../Smarty/libs/Smarty.class.php): failed to open stream: No such file or directory in /home/ubuntu/workspace/2503ict1/lab6/assoc-laravel/public/index.php on line 6
[03-Feb-2016 00:37:51 UTC] PHP Stack trace:
[03-Feb-2016 00:37:51 UTC] PHP   1. {main}() /home/ubuntu/workspace/2503ict1/lab6/assoc-laravel/public/index.php:0
[03-Feb-2016 00:37:51 UTC] PHP Warning:  include(): Failed opening '../../Smarty/libs/Smarty.class.php' for inclusion (include_path='.:/usr/share/php:/usr/share/pear') in /home/ubuntu/workspace/2503ict1/lab6/assoc-laravel/public/index.php on line 6
[03-Feb-2016 00:37:51 UTC] PHP Stack trace:
[03-Feb-2016 00:37:51 UTC] PHP   1. {main}() /home/ubuntu/workspace/2503ict1/lab6/assoc-laravel/public/index.php:0
[03-Feb-2016 00:37:51 UTC] PHP Fatal error:  Class 'Smarty' not found in /home/ubuntu/workspace/2503ict1/lab6/assoc-laravel/public/index.php on line 10
[03-Feb-2016 00:37:51 UTC] PHP Stack trace:
[03-Feb-2016 00:37:51 UTC] PHP   1. {main}() /home/ubuntu/workspace/2503ict1/lab6/assoc-laravel/public/index.php:0
[03-Feb-2016 00:39:37 UTC] PHP Warning:  include(../../Smarty/libs/Smarty.class.php): failed to open stream: No such file or directory in /home/ubuntu/workspace/2503ict1/lab6/assoc-laravel/public/index.php on line 6
[03-Feb-2016 00:39:37 UTC] PHP Stack trace:
[03-Feb-2016 00:39:37 UTC] PHP   1. {main}() /home/ubuntu/workspace/2503ict1/lab6/assoc-laravel/public/index.php:0
[03-Feb-2016 00:39:37 UTC] PHP Warning:  include(): Failed opening '../../Smarty/libs/Smarty.class.php' for inclusion (include_path='.:/usr/share/php:/usr/share/pear') in /home/ubuntu/workspace/2503ict1/lab6/assoc-laravel/public/index.php on line 6
[03-Feb-2016 00:39:37 UTC] PHP Stack trace:
[03-Feb-2016 00:39:37 UTC] PHP   1. {main}() /home/ubuntu/workspace/2503ict1/lab6/assoc-laravel/public/index.php:0
[03-Feb-2016 00:39:37 UTC] PHP Fatal error:  Class 'Smarty' not found in /home/ubuntu/workspace/2503ict1/lab6/assoc-laravel/public/index.php on line 10
[03-Feb-2016 00:39:37 UTC] PHP Stack trace:
[03-Feb-2016 00:39:37 UTC] PHP   1. {main}() /home/ubuntu/workspace/2503ict1/lab6/assoc-laravel/public/index.php:0
