[07-Feb-2016 12:27:01 UTC] PHP Fatal error:  Class 'Post' not found in /home/ubuntu/workspace/2503ict1/Assignment2/products/app/database/seeds/ProductSeeder.php on line 6
[07-Feb-2016 12:27:01 UTC] PHP Stack trace:
[07-Feb-2016 12:27:01 UTC] PHP   1. {main}() /home/ubuntu/workspace/2503ict1/Assignment2/products/artisan:0
[07-Feb-2016 12:27:01 UTC] PHP   2. Symfony\Component\Console\Application->run() /home/ubuntu/workspace/2503ict1/Assignment2/products/artisan:59
[07-Feb-2016 12:27:01 UTC] PHP   3. Symfony\Component\Console\Application->doRun() /home/ubuntu/workspace/2503ict1/Assignment2/products/vendor/symfony/console/Symfony/Component/Console/Application.php:124
[07-Feb-2016 12:27:01 UTC] PHP   4. Symfony\Component\Console\Application->doRunCommand() /home/ubuntu/workspace/2503ict1/Assignment2/products/vendor/symfony/console/Symfony/Component/Console/Application.php:193
[07-Feb-2016 12:27:01 UTC] PHP   5. Illuminate\Console\Command->run() /home/ubuntu/workspace/2503ict1/Assignment2/products/vendor/symfony/console/Symfony/Component/Console/Application.php:889
[07-Feb-2016 12:27:01 UTC] PHP   6. Symfony\Component\Console\Command\Command->run() /home/ubuntu/workspace/2503ict1/Assignment2/products/vendor/laravel/framework/src/Illuminate/Console/Command.php:100
[07-Feb-2016 12:27:01 UTC] PHP   7. Illuminate\Console\Command->execute() /home/ubuntu/workspace/2503ict1/Assignment2/products/vendor/symfony/console/Symfony/Component/Console/Command/Command.php:253
[07-Feb-2016 12:27:01 UTC] PHP   8. Illuminate\Database\Console\SeedCommand->fire() /home/ubuntu/workspace/2503ict1/Assignment2/products/vendor/laravel/framework/src/Illuminate/Console/Command.php:112
[07-Feb-2016 12:27:01 UTC] PHP   9. DatabaseSeeder->run() /home/ubuntu/workspace/2503ict1/Assignment2/products/vendor/laravel/framework/src/Illuminate/Database/Console/SeedCommand.php:57
[07-Feb-2016 12:27:01 UTC] PHP  10. Illuminate\Database\Seeder->call() /home/ubuntu/workspace/2503ict1/Assignment2/products/app/database/seeds/DatabaseSeeder.php:14
[07-Feb-2016 12:27:01 UTC] PHP  11. ProductSeeder->run() /home/ubuntu/workspace/2503ict1/Assignment2/products/vendor/laravel/framework/src/Illuminate/Database/Seeder.php:37
[07-Feb-2016 12:38:21 UTC] PHP Fatal error:  Class 'Post' not found in /home/ubuntu/workspace/2503ict1/Assignment2/products/app/database/seeds/ProductSeeder.php on line 6
[07-Feb-2016 12:38:21 UTC] PHP Stack trace:
[07-Feb-2016 12:38:21 UTC] PHP   1. {main}() /home/ubuntu/workspace/2503ict1/Assignment2/products/artisan:0
[07-Feb-2016 12:38:21 UTC] PHP   2. Symfony\Component\Console\Application->run() /home/ubuntu/workspace/2503ict1/Assignment2/products/artisan:59
[07-Feb-2016 12:38:21 UTC] PHP   3. Symfony\Component\Console\Application->doRun() /home/ubuntu/workspace/2503ict1/Assignment2/products/vendor/symfony/console/Symfony/Component/Console/Application.php:124
[07-Feb-2016 12:38:21 UTC] PHP   4. Symfony\Component\Console\Application->doRunCommand() /home/ubuntu/workspace/2503ict1/Assignment2/products/vendor/symfony/console/Symfony/Component/Console/Application.php:193
[07-Feb-2016 12:38:21 UTC] PHP   5. Illuminate\Console\Command->run() /home/ubuntu/workspace/2503ict1/Assignment2/products/vendor/symfony/console/Symfony/Component/Console/Application.php:889
[07-Feb-2016 12:38:21 UTC] PHP   6. Symfony\Component\Console\Command\Command->run() /home/ubuntu/workspace/2503ict1/Assignment2/products/vendor/laravel/framework/src/Illuminate/Console/Command.php:100
[07-Feb-2016 12:38:21 UTC] PHP   7. Illuminate\Console\Command->execute() /home/ubuntu/workspace/2503ict1/Assignment2/products/vendor/symfony/console/Symfony/Component/Console/Command/Command.php:253
[07-Feb-2016 12:38:21 UTC] PHP   8. Illuminate\Database\Console\SeedCommand->fire() /home/ubuntu/workspace/2503ict1/Assignment2/products/vendor/laravel/framework/src/Illuminate/Console/Command.php:112
[07-Feb-2016 12:38:21 UTC] PHP   9. DatabaseSeeder->run() /home/ubuntu/workspace/2503ict1/Assignment2/products/vendor/laravel/framework/src/Illuminate/Database/Console/SeedCommand.php:57
[07-Feb-2016 12:38:21 UTC] PHP  10. Illuminate\Database\Seeder->call() /home/ubuntu/workspace/2503ict1/Assignment2/products/app/database/seeds/DatabaseSeeder.php:14
[07-Feb-2016 12:38:21 UTC] PHP  11. ProductSeeder->run() /home/ubuntu/workspace/2503ict1/Assignment2/products/vendor/laravel/framework/src/Illuminate/Database/Seeder.php:37
[07-Feb-2016 12:39:41 UTC] PHP Fatal error:  Class 'Post' not found in /home/ubuntu/workspace/2503ict1/Assignment2/products/app/database/seeds/ProductSeeder.php on line 6
[07-Feb-2016 12:39:41 UTC] PHP Stack trace:
[07-Feb-2016 12:39:41 UTC] PHP   1. {main}() /home/ubuntu/workspace/2503ict1/Assignment2/products/artisan:0
[07-Feb-2016 12:39:41 UTC] PHP   2. Symfony\Component\Console\Application->run() /home/ubuntu/workspace/2503ict1/Assignment2/products/artisan:59
[07-Feb-2016 12:39:41 UTC] PHP   3. Symfony\Component\Console\Application->doRun() /home/ubuntu/workspace/2503ict1/Assignment2/products/vendor/symfony/console/Symfony/Component/Console/Application.php:124
[07-Feb-2016 12:39:41 UTC] PHP   4. Symfony\Component\Console\Application->doRunCommand() /home/ubuntu/workspace/2503ict1/Assignment2/products/vendor/symfony/console/Symfony/Component/Console/Application.php:193
[07-Feb-2016 12:39:41 UTC] PHP   5. Illuminate\Console\Command->run() /home/ubuntu/workspace/2503ict1/Assignment2/products/vendor/symfony/console/Symfony/Component/Console/Application.php:889
[07-Feb-2016 12:39:41 UTC] PHP   6. Symfony\Component\Console\Command\Command->run() /home/ubuntu/workspace/2503ict1/Assignment2/products/vendor/laravel/framework/src/Illuminate/Console/Command.php:100
[07-Feb-2016 12:39:41 UTC] PHP   7. Illuminate\Console\Command->execute() /home/ubuntu/workspace/2503ict1/Assignment2/products/vendor/symfony/console/Symfony/Component/Console/Command/Command.php:253
[07-Feb-2016 12:39:41 UTC] PHP   8. Illuminate\Database\Console\SeedCommand->fire() /home/ubuntu/workspace/2503ict1/Assignment2/products/vendor/laravel/framework/src/Illuminate/Console/Command.php:112
[07-Feb-2016 12:39:41 UTC] PHP   9. DatabaseSeeder->run() /home/ubuntu/workspace/2503ict1/Assignment2/products/vendor/laravel/framework/src/Illuminate/Database/Console/SeedCommand.php:57
[07-Feb-2016 12:39:41 UTC] PHP  10. Illuminate\Database\Seeder->call() /home/ubuntu/workspace/2503ict1/Assignment2/products/app/database/seeds/DatabaseSeeder.php:14
[07-Feb-2016 12:39:41 UTC] PHP  11. ProductSeeder->run() /home/ubuntu/workspace/2503ict1/Assignment2/products/vendor/laravel/framework/src/Illuminate/Database/Seeder.php:37
[07-Feb-2016 12:42:08 UTC] PHP Fatal error:  Class 'Post' not found in /home/ubuntu/workspace/2503ict1/Assignment2/products/app/database/seeds/ProductSeeder.php on line 6
[07-Feb-2016 12:42:08 UTC] PHP Stack trace:
[07-Feb-2016 12:42:08 UTC] PHP   1. {main}() /home/ubuntu/workspace/2503ict1/Assignment2/products/artisan:0
[07-Feb-2016 12:42:08 UTC] PHP   2. Symfony\Component\Console\Application->run() /home/ubuntu/workspace/2503ict1/Assignment2/products/artisan:59
[07-Feb-2016 12:42:08 UTC] PHP   3. Symfony\Component\Console\Application->doRun() /home/ubuntu/workspace/2503ict1/Assignment2/products/vendor/symfony/console/Symfony/Component/Console/Application.php:124
[07-Feb-2016 12:42:08 UTC] PHP   4. Symfony\Component\Console\Application->doRunCommand() /home/ubuntu/workspace/2503ict1/Assignment2/products/vendor/symfony/console/Symfony/Component/Console/Application.php:193
[07-Feb-2016 12:42:08 UTC] PHP   5. Illuminate\Console\Command->run() /home/ubuntu/workspace/2503ict1/Assignment2/products/vendor/symfony/console/Symfony/Component/Console/Application.php:889
[07-Feb-2016 12:42:08 UTC] PHP   6. Symfony\Component\Console\Command\Command->run() /home/ubuntu/workspace/2503ict1/Assignment2/products/vendor/laravel/framework/src/Illuminate/Console/Command.php:100
[07-Feb-2016 12:42:08 UTC] PHP   7. Illuminate\Console\Command->execute() /home/ubuntu/workspace/2503ict1/Assignment2/products/vendor/symfony/console/Symfony/Component/Console/Command/Command.php:253
[07-Feb-2016 12:42:08 UTC] PHP   8. Illuminate\Database\Console\SeedCommand->fire() /home/ubuntu/workspace/2503ict1/Assignment2/products/vendor/laravel/framework/src/Illuminate/Console/Command.php:112
[07-Feb-2016 12:42:08 UTC] PHP   9. DatabaseSeeder->run() /home/ubuntu/workspace/2503ict1/Assignment2/products/vendor/laravel/framework/src/Illuminate/Database/Console/SeedCommand.php:57
[07-Feb-2016 12:42:08 UTC] PHP  10. Illuminate\Database\Seeder->call() /home/ubuntu/workspace/2503ict1/Assignment2/products/app/database/seeds/DatabaseSeeder.php:14
[07-Feb-2016 12:42:08 UTC] PHP  11. ProductSeeder->run() /home/ubuntu/workspace/2503ict1/Assignment2/products/vendor/laravel/framework/src/Illuminate/Database/Seeder.php:37
[07-Feb-2016 12:51:09 UTC] PHP Fatal error:  Class 'Post' not found in /home/ubuntu/workspace/2503ict1/Assignment2/products/app/database/seeds/PostSeeder.php on line 6
[07-Feb-2016 12:51:09 UTC] PHP Stack trace:
[07-Feb-2016 12:51:09 UTC] PHP   1. {main}() /home/ubuntu/workspace/2503ict1/Assignment2/products/artisan:0
[07-Feb-2016 12:51:09 UTC] PHP   2. Symfony\Component\Console\Application->run() /home/ubuntu/workspace/2503ict1/Assignment2/products/artisan:59
[07-Feb-2016 12:51:09 UTC] PHP   3. Symfony\Component\Console\Application->doRun() /home/ubuntu/workspace/2503ict1/Assignment2/products/vendor/symfony/console/Symfony/Component/Console/Application.php:124
[07-Feb-2016 12:51:09 UTC] PHP   4. Symfony\Component\Console\Application->doRunCommand() /home/ubuntu/workspace/2503ict1/Assignment2/products/vendor/symfony/console/Symfony/Component/Console/Application.php:193
[07-Feb-2016 12:51:09 UTC] PHP   5. Illuminate\Console\Command->run() /home/ubuntu/workspace/2503ict1/Assignment2/products/vendor/symfony/console/Symfony/Component/Console/Application.php:889
[07-Feb-2016 12:51:09 UTC] PHP   6. Symfony\Component\Console\Command\Command->run() /home/ubuntu/workspace/2503ict1/Assignment2/products/vendor/laravel/framework/src/Illuminate/Console/Command.php:100
[07-Feb-2016 12:51:09 UTC] PHP   7. Illuminate\Console\Command->execute() /home/ubuntu/workspace/2503ict1/Assignment2/products/vendor/symfony/console/Symfony/Component/Console/Command/Command.php:253
[07-Feb-2016 12:51:09 UTC] PHP   8. Illuminate\Database\Console\SeedCommand->fire() /home/ubuntu/workspace/2503ict1/Assignment2/products/vendor/laravel/framework/src/Illuminate/Console/Command.php:112
[07-Feb-2016 12:51:09 UTC] PHP   9. DatabaseSeeder->run() /home/ubuntu/workspace/2503ict1/Assignment2/products/vendor/laravel/framework/src/Illuminate/Database/Console/SeedCommand.php:57
[07-Feb-2016 12:51:09 UTC] PHP  10. Illuminate\Database\Seeder->call() /home/ubuntu/workspace/2503ict1/Assignment2/products/app/database/seeds/DatabaseSeeder.php:14
[07-Feb-2016 12:51:09 UTC] PHP  11. PostSeeder->run() /home/ubuntu/workspace/2503ict1/Assignment2/products/vendor/laravel/framework/src/Illuminate/Database/Seeder.php:37
[07-Feb-2016 12:59:25 UTC] PHP Fatal error:  Class 'Post' not found in /home/ubuntu/workspace/2503ict1/Assignment2/products/app/database/seeds/PostSeeder.php on line 6
[07-Feb-2016 12:59:25 UTC] PHP Stack trace:
[07-Feb-2016 12:59:25 UTC] PHP   1. {main}() /home/ubuntu/workspace/2503ict1/Assignment2/products/artisan:0
[07-Feb-2016 12:59:25 UTC] PHP   2. Symfony\Component\Console\Application->run() /home/ubuntu/workspace/2503ict1/Assignment2/products/artisan:59
[07-Feb-2016 12:59:25 UTC] PHP   3. Symfony\Component\Console\Application->doRun() /home/ubuntu/workspace/2503ict1/Assignment2/products/vendor/symfony/console/Symfony/Component/Console/Application.php:124
[07-Feb-2016 12:59:25 UTC] PHP   4. Symfony\Component\Console\Application->doRunCommand() /home/ubuntu/workspace/2503ict1/Assignment2/products/vendor/symfony/console/Symfony/Component/Console/Application.php:193
[07-Feb-2016 12:59:25 UTC] PHP   5. Illuminate\Console\Command->run() /home/ubuntu/workspace/2503ict1/Assignment2/products/vendor/symfony/console/Symfony/Component/Console/Application.php:889
[07-Feb-2016 12:59:25 UTC] PHP   6. Symfony\Component\Console\Command\Command->run() /home/ubuntu/workspace/2503ict1/Assignment2/products/vendor/laravel/framework/src/Illuminate/Console/Command.php:100
[07-Feb-2016 12:59:25 UTC] PHP   7. Illuminate\Console\Command->execute() /home/ubuntu/workspace/2503ict1/Assignment2/products/vendor/symfony/console/Symfony/Component/Console/Command/Command.php:253
[07-Feb-2016 12:59:25 UTC] PHP   8. Illuminate\Database\Console\SeedCommand->fire() /home/ubuntu/workspace/2503ict1/Assignment2/products/vendor/laravel/framework/src/Illuminate/Console/Command.php:112
[07-Feb-2016 12:59:25 UTC] PHP   9. DatabaseSeeder->run() /home/ubuntu/workspace/2503ict1/Assignment2/products/vendor/laravel/framework/src/Illuminate/Database/Console/SeedCommand.php:57
[07-Feb-2016 12:59:25 UTC] PHP  10. Illuminate\Database\Seeder->call() /home/ubuntu/workspace/2503ict1/Assignment2/products/app/database/seeds/DatabaseSeeder.php:14
[07-Feb-2016 12:59:25 UTC] PHP  11. PostSeeder->run() /home/ubuntu/workspace/2503ict1/Assignment2/products/vendor/laravel/framework/src/Illuminate/Database/Seeder.php:37
[07-Feb-2016 13:01:35 UTC] PHP Fatal error:  Class 'Post' not found in /home/ubuntu/workspace/2503ict1/Assignment2/products/app/database/seeds/PostSeeder.php on line 6
[07-Feb-2016 13:01:35 UTC] PHP Stack trace:
[07-Feb-2016 13:01:35 UTC] PHP   1. {main}() /home/ubuntu/workspace/2503ict1/Assignment2/products/artisan:0
[07-Feb-2016 13:01:35 UTC] PHP   2. Symfony\Component\Console\Application->run() /home/ubuntu/workspace/2503ict1/Assignment2/products/artisan:59
[07-Feb-2016 13:01:35 UTC] PHP   3. Symfony\Component\Console\Application->doRun() /home/ubuntu/workspace/2503ict1/Assignment2/products/vendor/symfony/console/Symfony/Component/Console/Application.php:124
[07-Feb-2016 13:01:35 UTC] PHP   4. Symfony\Component\Console\Application->doRunCommand() /home/ubuntu/workspace/2503ict1/Assignment2/products/vendor/symfony/console/Symfony/Component/Console/Application.php:193
[07-Feb-2016 13:01:35 UTC] PHP   5. Illuminate\Console\Command->run() /home/ubuntu/workspace/2503ict1/Assignment2/products/vendor/symfony/console/Symfony/Component/Console/Application.php:889
[07-Feb-2016 13:01:35 UTC] PHP   6. Symfony\Component\Console\Command\Command->run() /home/ubuntu/workspace/2503ict1/Assignment2/products/vendor/laravel/framework/src/Illuminate/Console/Command.php:100
[07-Feb-2016 13:01:35 UTC] PHP   7. Illuminate\Console\Command->execute() /home/ubuntu/workspace/2503ict1/Assignment2/products/vendor/symfony/console/Symfony/Component/Console/Command/Command.php:253
[07-Feb-2016 13:01:35 UTC] PHP   8. Illuminate\Database\Console\SeedCommand->fire() /home/ubuntu/workspace/2503ict1/Assignment2/products/vendor/laravel/framework/src/Illuminate/Console/Command.php:112
[07-Feb-2016 13:01:35 UTC] PHP   9. DatabaseSeeder->run() /home/ubuntu/workspace/2503ict1/Assignment2/products/vendor/laravel/framework/src/Illuminate/Database/Console/SeedCommand.php:57
[07-Feb-2016 13:01:35 UTC] PHP  10. Illuminate\Database\Seeder->call() /home/ubuntu/workspace/2503ict1/Assignment2/products/app/database/seeds/DatabaseSeeder.php:14
[07-Feb-2016 13:01:35 UTC] PHP  11. PostSeeder->run() /home/ubuntu/workspace/2503ict1/Assignment2/products/vendor/laravel/framework/src/Illuminate/Database/Seeder.php:37
[07-Feb-2016 13:21:48 UTC] PHP Parse error:  syntax error, unexpected end of file, expecting function (T_FUNCTION) in /home/ubuntu/workspace/2503ict1/Assignment2/products/app/models/Post.php on line 10
[07-Feb-2016 13:21:48 UTC] PHP Stack trace:
[07-Feb-2016 13:21:48 UTC] PHP   1. {main}() /home/ubuntu/workspace/2503ict1/Assignment2/products/artisan:0
[07-Feb-2016 13:21:48 UTC] PHP   2. Symfony\Component\Console\Application->run() /home/ubuntu/workspace/2503ict1/Assignment2/products/artisan:59
[07-Feb-2016 13:21:48 UTC] PHP   3. Symfony\Component\Console\Application->doRun() /home/ubuntu/workspace/2503ict1/Assignment2/products/vendor/symfony/console/Symfony/Component/Console/Application.php:124
[07-Feb-2016 13:21:48 UTC] PHP   4. Symfony\Component\Console\Application->doRunCommand() /home/ubuntu/workspace/2503ict1/Assignment2/products/vendor/symfony/console/Symfony/Component/Console/Application.php:193
[07-Feb-2016 13:21:48 UTC] PHP   5. Illuminate\Console\Command->run() /home/ubuntu/workspace/2503ict1/Assignment2/products/vendor/symfony/console/Symfony/Component/Console/Application.php:889
[07-Feb-2016 13:21:48 UTC] PHP   6. Symfony\Component\Console\Command\Command->run() /home/ubuntu/workspace/2503ict1/Assignment2/products/vendor/laravel/framework/src/Illuminate/Console/Command.php:100
[07-Feb-2016 13:21:48 UTC] PHP   7. Illuminate\Console\Command->execute() /home/ubuntu/workspace/2503ict1/Assignment2/products/vendor/symfony/console/Symfony/Component/Console/Command/Command.php:253
[07-Feb-2016 13:21:48 UTC] PHP   8. Illuminate\Database\Console\SeedCommand->fire() /home/ubuntu/workspace/2503ict1/Assignment2/products/vendor/laravel/framework/src/Illuminate/Console/Command.php:112
[07-Feb-2016 13:21:48 UTC] PHP   9. DatabaseSeeder->run() /home/ubuntu/workspace/2503ict1/Assignment2/products/vendor/laravel/framework/src/Illuminate/Database/Console/SeedCommand.php:57
[07-Feb-2016 13:21:48 UTC] PHP  10. Illuminate\Database\Seeder->call() /home/ubuntu/workspace/2503ict1/Assignment2/products/app/database/seeds/DatabaseSeeder.php:14
[07-Feb-2016 13:21:48 UTC] PHP  11. PostSeeder->run() /home/ubuntu/workspace/2503ict1/Assignment2/products/vendor/laravel/framework/src/Illuminate/Database/Seeder.php:37
[07-Feb-2016 13:21:48 UTC] PHP  12. spl_autoload_call() /home/ubuntu/workspace/2503ict1/Assignment2/products/vendor/laravel/framework/src/Illuminate/Database/Seeder.php:6
[07-Feb-2016 13:21:48 UTC] PHP  13. Illuminate\Support\ClassLoader::load() /home/ubuntu/workspace/2503ict1/Assignment2/products/vendor/laravel/framework/src/Illuminate/Database/Seeder.php:6
[07-Feb-2016 13:28:16 UTC] PHP Parse error:  syntax error, unexpected '(', expecting identifier (T_STRING) or variable (T_VARIABLE) or '{' or '$' in /home/ubuntu/workspace/2503ict1/Assignment2/products/app/database/seeds/CommentSeeder.php on line 10
[07-Feb-2016 13:28:16 UTC] PHP Stack trace:
[07-Feb-2016 13:28:16 UTC] PHP   1. {main}() /home/ubuntu/workspace/2503ict1/Assignment2/products/artisan:0
[07-Feb-2016 13:28:16 UTC] PHP   2. Symfony\Component\Console\Application->run() /home/ubuntu/workspace/2503ict1/Assignment2/products/artisan:59
[07-Feb-2016 13:28:16 UTC] PHP   3. Symfony\Component\Console\Application->doRun() /home/ubuntu/workspace/2503ict1/Assignment2/products/vendor/symfony/console/Symfony/Component/Console/Application.php:124
[07-Feb-2016 13:28:16 UTC] PHP   4. Symfony\Component\Console\Application->doRunCommand() /home/ubuntu/workspace/2503ict1/Assignment2/products/vendor/symfony/console/Symfony/Component/Console/Application.php:193
[07-Feb-2016 13:28:16 UTC] PHP   5. Illuminate\Console\Command->run() /home/ubuntu/workspace/2503ict1/Assignment2/products/vendor/symfony/console/Symfony/Component/Console/Application.php:889
[07-Feb-2016 13:28:16 UTC] PHP   6. Symfony\Component\Console\Command\Command->run() /home/ubuntu/workspace/2503ict1/Assignment2/products/vendor/laravel/framework/src/Illuminate/Console/Command.php:100
[07-Feb-2016 13:28:16 UTC] PHP   7. Illuminate\Console\Command->execute() /home/ubuntu/workspace/2503ict1/Assignment2/products/vendor/symfony/console/Symfony/Component/Console/Command/Command.php:253
[07-Feb-2016 13:28:16 UTC] PHP   8. Illuminate\Database\Console\SeedCommand->fire() /home/ubuntu/workspace/2503ict1/Assignment2/products/vendor/laravel/framework/src/Illuminate/Console/Command.php:112
[07-Feb-2016 13:28:16 UTC] PHP   9. DatabaseSeeder->run() /home/ubuntu/workspace/2503ict1/Assignment2/products/vendor/laravel/framework/src/Illuminate/Database/Console/SeedCommand.php:57
[07-Feb-2016 13:28:16 UTC] PHP  10. Illuminate\Database\Seeder->call() /home/ubuntu/workspace/2503ict1/Assignment2/products/app/database/seeds/DatabaseSeeder.php:15
[07-Feb-2016 13:28:16 UTC] PHP  11. Illuminate\Database\Seeder->resolve() /home/ubuntu/workspace/2503ict1/Assignment2/products/vendor/laravel/framework/src/Illuminate/Database/Seeder.php:37
[07-Feb-2016 13:28:16 UTC] PHP  12. Illuminate\Foundation\Application->make() /home/ubuntu/workspace/2503ict1/Assignment2/products/vendor/laravel/framework/src/Illuminate/Database/Seeder.php:55
[07-Feb-2016 13:28:16 UTC] PHP  13. Illuminate\Container\Container->make() /home/ubuntu/workspace/2503ict1/Assignment2/products/vendor/laravel/framework/src/Illuminate/Foundation/Application.php:462
[07-Feb-2016 13:28:16 UTC] PHP  14. Illuminate\Container\Container->build() /home/ubuntu/workspace/2503ict1/Assignment2/products/vendor/laravel/framework/src/Illuminate/Container/Container.php:428
[07-Feb-2016 13:28:16 UTC] PHP  15. ReflectionClass->__construct() /home/ubuntu/workspace/2503ict1/Assignment2/products/vendor/laravel/framework/src/Illuminate/Container/Container.php:504
[07-Feb-2016 13:28:16 UTC] PHP  16. spl_autoload_call() /home/ubuntu/workspace/2503ict1/Assignment2/products/vendor/laravel/framework/src/Illuminate/Container/Container.php:504
[07-Feb-2016 13:28:16 UTC] PHP  17. Illuminate\Support\ClassLoader::load() /home/ubuntu/workspace/2503ict1/Assignment2/products/vendor/laravel/framework/src/Illuminate/Container/Container.php:504
[07-Feb-2016 13:28:55 UTC] PHP Parse error:  syntax error, unexpected '(', expecting identifier (T_STRING) or variable (T_VARIABLE) or '{' or '$' in /home/ubuntu/workspace/2503ict1/Assignment2/products/app/database/seeds/CommentSeeder.php on line 10
[07-Feb-2016 13:28:55 UTC] PHP Stack trace:
[07-Feb-2016 13:28:55 UTC] PHP   1. {main}() /home/ubuntu/workspace/2503ict1/Assignment2/products/artisan:0
[07-Feb-2016 13:28:55 UTC] PHP   2. Symfony\Component\Console\Application->run() /home/ubuntu/workspace/2503ict1/Assignment2/products/artisan:59
[07-Feb-2016 13:28:55 UTC] PHP   3. Symfony\Component\Console\Application->doRun() /home/ubuntu/workspace/2503ict1/Assignment2/products/vendor/symfony/console/Symfony/Component/Console/Application.php:124
[07-Feb-2016 13:28:55 UTC] PHP   4. Symfony\Component\Console\Application->doRunCommand() /home/ubuntu/workspace/2503ict1/Assignment2/products/vendor/symfony/console/Symfony/Component/Console/Application.php:193
[07-Feb-2016 13:28:55 UTC] PHP   5. Illuminate\Console\Command->run() /home/ubuntu/workspace/2503ict1/Assignment2/products/vendor/symfony/console/Symfony/Component/Console/Application.php:889
[07-Feb-2016 13:28:55 UTC] PHP   6. Symfony\Component\Console\Command\Command->run() /home/ubuntu/workspace/2503ict1/Assignment2/products/vendor/laravel/framework/src/Illuminate/Console/Command.php:100
[07-Feb-2016 13:28:55 UTC] PHP   7. Illuminate\Console\Command->execute() /home/ubuntu/workspace/2503ict1/Assignment2/products/vendor/symfony/console/Symfony/Component/Console/Command/Command.php:253
[07-Feb-2016 13:28:55 UTC] PHP   8. Illuminate\Database\Console\SeedCommand->fire() /home/ubuntu/workspace/2503ict1/Assignment2/products/vendor/laravel/framework/src/Illuminate/Console/Command.php:112
[07-Feb-2016 13:28:55 UTC] PHP   9. DatabaseSeeder->run() /home/ubuntu/workspace/2503ict1/Assignment2/products/vendor/laravel/framework/src/Illuminate/Database/Console/SeedCommand.php:57
[07-Feb-2016 13:28:55 UTC] PHP  10. Illuminate\Database\Seeder->call() /home/ubuntu/workspace/2503ict1/Assignment2/products/app/database/seeds/DatabaseSeeder.php:15
[07-Feb-2016 13:28:55 UTC] PHP  11. Illuminate\Database\Seeder->resolve() /home/ubuntu/workspace/2503ict1/Assignment2/products/vendor/laravel/framework/src/Illuminate/Database/Seeder.php:37
[07-Feb-2016 13:28:55 UTC] PHP  12. Illuminate\Foundation\Application->make() /home/ubuntu/workspace/2503ict1/Assignment2/products/vendor/laravel/framework/src/Illuminate/Database/Seeder.php:55
[07-Feb-2016 13:28:55 UTC] PHP  13. Illuminate\Container\Container->make() /home/ubuntu/workspace/2503ict1/Assignment2/products/vendor/laravel/framework/src/Illuminate/Foundation/Application.php:462
[07-Feb-2016 13:28:55 UTC] PHP  14. Illuminate\Container\Container->build() /home/ubuntu/workspace/2503ict1/Assignment2/products/vendor/laravel/framework/src/Illuminate/Container/Container.php:428
[07-Feb-2016 13:28:55 UTC] PHP  15. ReflectionClass->__construct() /home/ubuntu/workspace/2503ict1/Assignment2/products/vendor/laravel/framework/src/Illuminate/Container/Container.php:504
[07-Feb-2016 13:28:55 UTC] PHP  16. spl_autoload_call() /home/ubuntu/workspace/2503ict1/Assignment2/products/vendor/laravel/framework/src/Illuminate/Container/Container.php:504
[07-Feb-2016 13:28:55 UTC] PHP  17. Illuminate\Support\ClassLoader::load() /home/ubuntu/workspace/2503ict1/Assignment2/products/vendor/laravel/framework/src/Illuminate/Container/Container.php:504
