[02-Feb-2016 13:45:00 UTC] PHP Fatal error:  Call to undefined function redirect() in /home/ubuntu/workspace/2503ict1/lab6/list-detail/app/routes.php on line 74
[02-Feb-2016 13:45:00 UTC] PHP Stack trace:
[02-Feb-2016 13:45:00 UTC] PHP   1. {main}() /home/ubuntu/workspace/2503ict1/lab6/list-detail/public/index.php:0
[02-Feb-2016 13:45:00 UTC] PHP   2. Illuminate\Foundation\Application->run($request = *uninitialized*) /home/ubuntu/workspace/2503ict1/lab6/list-detail/public/index.php:49
[02-Feb-2016 13:45:00 UTC] PHP   3. Stack\StackedHttpKernel->handle($request = *uninitialized*, $type = *uninitialized*, $catch = *uninitialized*) /home/ubuntu/workspace/2503ict1/lab6/list-detail/vendor/laravel/framework/src/Illuminate/Foundation/Application.php:641
[02-Feb-2016 13:45:00 UTC] PHP   4. Illuminate\Cookie\Guard->handle($request = *uninitialized*, $type = *uninitialized*, $catch = *uninitialized*) /home/ubuntu/workspace/2503ict1/lab6/list-detail/vendor/stack/builder/src/Stack/StackedHttpKernel.php:23
[02-Feb-2016 13:45:00 UTC] PHP   5. Illuminate\Cookie\Queue->handle($request = *uninitialized*, $type = *uninitialized*, $catch = *uninitialized*) /home/ubuntu/workspace/2503ict1/lab6/list-detail/vendor/laravel/framework/src/Illuminate/Cookie/Guard.php:51
[02-Feb-2016 13:45:00 UTC] PHP   6. Illuminate\Session\Middleware->handle($request = *uninitialized*, $type = *uninitialized*, $catch = *uninitialized*) /home/ubuntu/workspace/2503ict1/lab6/list-detail/vendor/laravel/framework/src/Illuminate/Cookie/Queue.php:47
[02-Feb-2016 13:45:00 UTC] PHP   7. Illuminate\Foundation\Application->handle($request = *uninitialized*, $type = *uninitialized*, $catch = *uninitialized*) /home/ubuntu/workspace/2503ict1/lab6/list-detail/vendor/laravel/framework/src/Illuminate/Session/Middleware.php:72
[02-Feb-2016 13:45:00 UTC] PHP   8. Illuminate\Foundation\Application->dispatch($request = *uninitialized*) /home/ubuntu/workspace/2503ict1/lab6/list-detail/vendor/laravel/framework/src/Illuminate/Foundation/Application.php:745
[02-Feb-2016 13:45:00 UTC] PHP   9. Illuminate\Routing\Router->dispatch($request = *uninitialized*) /home/ubuntu/workspace/2503ict1/lab6/list-detail/vendor/laravel/framework/src/Illuminate/Foundation/Application.php:775
[02-Feb-2016 13:45:00 UTC] PHP  10. Illuminate\Routing\Router->dispatchToRoute($request = *uninitialized*) /home/ubuntu/workspace/2503ict1/lab6/list-detail/vendor/laravel/framework/src/Illuminate/Routing/Router.php:1001
[02-Feb-2016 13:45:00 UTC] PHP  11. Illuminate\Routing\Route->run(*uninitialized*) /home/ubuntu/workspace/2503ict1/lab6/list-detail/vendor/laravel/framework/src/Illuminate/Routing/Router.php:1033
[02-Feb-2016 13:45:00 UTC] PHP  12. call_user_func_array:{/home/ubuntu/workspace/2503ict1/lab6/list-detail/vendor/laravel/framework/src/Illuminate/Routing/Route.php:109}(*uninitialized*, *uninitialized*) /home/ubuntu/workspace/2503ict1/lab6/list-detail/vendor/laravel/framework/src/Illuminate/Routing/Route.php:109
[02-Feb-2016 13:45:00 UTC] PHP  13. {closure:/home/ubuntu/workspace/2503ict1/lab6/list-detail/app/routes.php:69-75}($id = *uninitialized*) /home/ubuntu/workspace/2503ict1/lab6/list-detail/vendor/laravel/framework/src/Illuminate/Routing/Route.php:109
[02-Feb-2016 13:45:22 UTC] PHP Fatal error:  Call to undefined function redirect() in /home/ubuntu/workspace/2503ict1/lab6/list-detail/app/routes.php on line 74
[02-Feb-2016 13:45:22 UTC] PHP Stack trace:
[02-Feb-2016 13:45:22 UTC] PHP   1. {main}() /home/ubuntu/workspace/2503ict1/lab6/list-detail/public/index.php:0
[02-Feb-2016 13:45:22 UTC] PHP   2. Illuminate\Foundation\Application->run($request = *uninitialized*) /home/ubuntu/workspace/2503ict1/lab6/list-detail/public/index.php:49
[02-Feb-2016 13:45:22 UTC] PHP   3. Stack\StackedHttpKernel->handle($request = *uninitialized*, $type = *uninitialized*, $catch = *uninitialized*) /home/ubuntu/workspace/2503ict1/lab6/list-detail/vendor/laravel/framework/src/Illuminate/Foundation/Application.php:641
[02-Feb-2016 13:45:22 UTC] PHP   4. Illuminate\Cookie\Guard->handle($request = *uninitialized*, $type = *uninitialized*, $catch = *uninitialized*) /home/ubuntu/workspace/2503ict1/lab6/list-detail/vendor/stack/builder/src/Stack/StackedHttpKernel.php:23
[02-Feb-2016 13:45:22 UTC] PHP   5. Illuminate\Cookie\Queue->handle($request = *uninitialized*, $type = *uninitialized*, $catch = *uninitialized*) /home/ubuntu/workspace/2503ict1/lab6/list-detail/vendor/laravel/framework/src/Illuminate/Cookie/Guard.php:51
[02-Feb-2016 13:45:22 UTC] PHP   6. Illuminate\Session\Middleware->handle($request = *uninitialized*, $type = *uninitialized*, $catch = *uninitialized*) /home/ubuntu/workspace/2503ict1/lab6/list-detail/vendor/laravel/framework/src/Illuminate/Cookie/Queue.php:47
[02-Feb-2016 13:45:22 UTC] PHP   7. Illuminate\Foundation\Application->handle($request = *uninitialized*, $type = *uninitialized*, $catch = *uninitialized*) /home/ubuntu/workspace/2503ict1/lab6/list-detail/vendor/laravel/framework/src/Illuminate/Session/Middleware.php:72
[02-Feb-2016 13:45:22 UTC] PHP   8. Illuminate\Foundation\Application->dispatch($request = *uninitialized*) /home/ubuntu/workspace/2503ict1/lab6/list-detail/vendor/laravel/framework/src/Illuminate/Foundation/Application.php:745
[02-Feb-2016 13:45:22 UTC] PHP   9. Illuminate\Routing\Router->dispatch($request = *uninitialized*) /home/ubuntu/workspace/2503ict1/lab6/list-detail/vendor/laravel/framework/src/Illuminate/Foundation/Application.php:775
[02-Feb-2016 13:45:22 UTC] PHP  10. Illuminate\Routing\Router->dispatchToRoute($request = *uninitialized*) /home/ubuntu/workspace/2503ict1/lab6/list-detail/vendor/laravel/framework/src/Illuminate/Routing/Router.php:1001
[02-Feb-2016 13:45:22 UTC] PHP  11. Illuminate\Routing\Route->run(*uninitialized*) /home/ubuntu/workspace/2503ict1/lab6/list-detail/vendor/laravel/framework/src/Illuminate/Routing/Router.php:1033
[02-Feb-2016 13:45:22 UTC] PHP  12. call_user_func_array:{/home/ubuntu/workspace/2503ict1/lab6/list-detail/vendor/laravel/framework/src/Illuminate/Routing/Route.php:109}(*uninitialized*, *uninitialized*) /home/ubuntu/workspace/2503ict1/lab6/list-detail/vendor/laravel/framework/src/Illuminate/Routing/Route.php:109
[02-Feb-2016 13:45:22 UTC] PHP  13. {closure:/home/ubuntu/workspace/2503ict1/lab6/list-detail/app/routes.php:69-75}($id = *uninitialized*) /home/ubuntu/workspace/2503ict1/lab6/list-detail/vendor/laravel/framework/src/Illuminate/Routing/Route.php:109
