[29-Jan-2016 23:46:14 UTC] PHP Warning:  include(../../Smarty/libs/Smarty.class.php): failed to open stream: No such file or directory in /home/ubuntu/workspace/2503ict1/lab4/assoc-new-smarty/index.php on line 7
[29-Jan-2016 23:46:14 UTC] PHP Stack trace:
[29-Jan-2016 23:46:14 UTC] PHP   1. {main}() /home/ubuntu/workspace/2503ict1/lab4/assoc-new-smarty/index.php:0
[29-Jan-2016 23:46:14 UTC] PHP Warning:  include(): Failed opening '../../Smarty/libs/Smarty.class.php' for inclusion (include_path='.:/usr/share/php:/usr/share/pear') in /home/ubuntu/workspace/2503ict1/lab4/assoc-new-smarty/index.php on line 7
[29-Jan-2016 23:46:14 UTC] PHP Stack trace:
[29-Jan-2016 23:46:14 UTC] PHP   1. {main}() /home/ubuntu/workspace/2503ict1/lab4/assoc-new-smarty/index.php:0
[29-Jan-2016 23:46:14 UTC] PHP Fatal error:  Class 'Smarty' not found in /home/ubuntu/workspace/2503ict1/lab4/assoc-new-smarty/index.php on line 9
[29-Jan-2016 23:46:14 UTC] PHP Stack trace:
[29-Jan-2016 23:46:14 UTC] PHP   1. {main}() /home/ubuntu/workspace/2503ict1/lab4/assoc-new-smarty/index.php:0
[31-Jan-2016 12:26:40 UTC] PHP Fatal error:  Class 'Way\Generators\GeneratorsServiceProvider' not found in /home/ubuntu/workspace/2503ict1/lab4/assoc-laravel/vendor/laravel/framework/src/Illuminate/Foundation/ProviderRepository.php on line 157
[31-Jan-2016 12:26:40 UTC] PHP Stack trace:
[31-Jan-2016 12:26:40 UTC] PHP   1. {main}() /home/ubuntu/workspace/2503ict1/lab4/assoc-laravel/artisan:0
[31-Jan-2016 12:26:40 UTC] PHP   2. require_once() /home/ubuntu/workspace/2503ict1/lab4/assoc-laravel/artisan:30
[31-Jan-2016 12:26:40 UTC] PHP   3. require() /home/ubuntu/workspace/2503ict1/lab4/assoc-laravel/bootstrap/start.php:60
[31-Jan-2016 12:26:40 UTC] PHP   4. Illuminate\Foundation\ProviderRepository->load() /home/ubuntu/workspace/2503ict1/lab4/assoc-laravel/vendor/laravel/framework/src/Illuminate/Foundation/start.php:210
[31-Jan-2016 12:26:40 UTC] PHP   5. Illuminate\Foundation\ProviderRepository->compileManifest() /home/ubuntu/workspace/2503ict1/lab4/assoc-laravel/vendor/laravel/framework/src/Illuminate/Foundation/ProviderRepository.php:57
[31-Jan-2016 12:26:40 UTC] PHP   6. Illuminate\Foundation\ProviderRepository->createProvider() /home/ubuntu/workspace/2503ict1/lab4/assoc-laravel/vendor/laravel/framework/src/Illuminate/Foundation/ProviderRepository.php:121
[31-Jan-2016 12:29:42 UTC] PHP Fatal error:  Class 'Way\Generators\GeneratorsServiceProvider' not found in /home/ubuntu/workspace/2503ict1/lab4/assoc-laravel/vendor/laravel/framework/src/Illuminate/Foundation/ProviderRepository.php on line 157
[31-Jan-2016 12:29:42 UTC] PHP Stack trace:
[31-Jan-2016 12:29:42 UTC] PHP   1. {main}() /home/ubuntu/workspace/2503ict1/lab4/assoc-laravel/artisan:0
[31-Jan-2016 12:29:42 UTC] PHP   2. require_once() /home/ubuntu/workspace/2503ict1/lab4/assoc-laravel/artisan:30
[31-Jan-2016 12:29:42 UTC] PHP   3. require() /home/ubuntu/workspace/2503ict1/lab4/assoc-laravel/bootstrap/start.php:60
[31-Jan-2016 12:29:42 UTC] PHP   4. Illuminate\Foundation\ProviderRepository->load() /home/ubuntu/workspace/2503ict1/lab4/assoc-laravel/vendor/laravel/framework/src/Illuminate/Foundation/start.php:210
[31-Jan-2016 12:29:42 UTC] PHP   5. Illuminate\Foundation\ProviderRepository->compileManifest() /home/ubuntu/workspace/2503ict1/lab4/assoc-laravel/vendor/laravel/framework/src/Illuminate/Foundation/ProviderRepository.php:57
[31-Jan-2016 12:29:42 UTC] PHP   6. Illuminate\Foundation\ProviderRepository->createProvider() /home/ubuntu/workspace/2503ict1/lab4/assoc-laravel/vendor/laravel/framework/src/Illuminate/Foundation/ProviderRepository.php:121
[31-Jan-2016 12:34:47 UTC] PHP Fatal error:  Class 'Way\Generators\GeneratorsServiceProvider' not found in /home/ubuntu/workspace/2503ict1/lab4/temp_inheritance/vendor/laravel/framework/src/Illuminate/Foundation/ProviderRepository.php on line 157
[31-Jan-2016 12:34:47 UTC] PHP Stack trace:
[31-Jan-2016 12:34:47 UTC] PHP   1. {main}() /home/ubuntu/workspace/2503ict1/lab4/temp_inheritance/artisan:0
[31-Jan-2016 12:34:47 UTC] PHP   2. require_once() /home/ubuntu/workspace/2503ict1/lab4/temp_inheritance/artisan:30
[31-Jan-2016 12:34:47 UTC] PHP   3. require() /home/ubuntu/workspace/2503ict1/lab4/temp_inheritance/bootstrap/start.php:60
[31-Jan-2016 12:34:47 UTC] PHP   4. Illuminate\Foundation\ProviderRepository->load() /home/ubuntu/workspace/2503ict1/lab4/temp_inheritance/vendor/laravel/framework/src/Illuminate/Foundation/start.php:210
[31-Jan-2016 12:34:47 UTC] PHP   5. Illuminate\Foundation\ProviderRepository->compileManifest() /home/ubuntu/workspace/2503ict1/lab4/temp_inheritance/vendor/laravel/framework/src/Illuminate/Foundation/ProviderRepository.php:57
[31-Jan-2016 12:34:47 UTC] PHP   6. Illuminate\Foundation\ProviderRepository->createProvider() /home/ubuntu/workspace/2503ict1/lab4/temp_inheritance/vendor/laravel/framework/src/Illuminate/Foundation/ProviderRepository.php:121
[31-Jan-2016 12:38:43 UTC] PHP Fatal error:  Class 'Way\Generators\GeneratorsServiceProvider' not found in /home/ubuntu/workspace/2503ict1/lab4/temp_inheritance/vendor/laravel/framework/src/Illuminate/Foundation/ProviderRepository.php on line 157
[31-Jan-2016 12:38:43 UTC] PHP Stack trace:
[31-Jan-2016 12:38:43 UTC] PHP   1. {main}() /home/ubuntu/workspace/2503ict1/lab4/temp_inheritance/artisan:0
[31-Jan-2016 12:38:43 UTC] PHP   2. require_once() /home/ubuntu/workspace/2503ict1/lab4/temp_inheritance/artisan:30
[31-Jan-2016 12:38:43 UTC] PHP   3. require() /home/ubuntu/workspace/2503ict1/lab4/temp_inheritance/bootstrap/start.php:60
[31-Jan-2016 12:38:43 UTC] PHP   4. Illuminate\Foundation\ProviderRepository->load() /home/ubuntu/workspace/2503ict1/lab4/temp_inheritance/vendor/laravel/framework/src/Illuminate/Foundation/start.php:210
[31-Jan-2016 12:38:43 UTC] PHP   5. Illuminate\Foundation\ProviderRepository->compileManifest() /home/ubuntu/workspace/2503ict1/lab4/temp_inheritance/vendor/laravel/framework/src/Illuminate/Foundation/ProviderRepository.php:57
[31-Jan-2016 12:38:43 UTC] PHP   6. Illuminate\Foundation\ProviderRepository->createProvider() /home/ubuntu/workspace/2503ict1/lab4/temp_inheritance/vendor/laravel/framework/src/Illuminate/Foundation/ProviderRepository.php:121
[31-Jan-2016 12:39:10 UTC] PHP Fatal error:  Class 'Way\Generators\GeneratorsServiceProvider' not found in /home/ubuntu/workspace/2503ict1/lab4/temp_inheritance/vendor/laravel/framework/src/Illuminate/Foundation/ProviderRepository.php on line 157
[31-Jan-2016 12:39:10 UTC] PHP Stack trace:
[31-Jan-2016 12:39:10 UTC] PHP   1. {main}() /home/ubuntu/workspace/2503ict1/lab4/temp_inheritance/artisan:0
[31-Jan-2016 12:39:10 UTC] PHP   2. require_once() /home/ubuntu/workspace/2503ict1/lab4/temp_inheritance/artisan:30
[31-Jan-2016 12:39:10 UTC] PHP   3. require() /home/ubuntu/workspace/2503ict1/lab4/temp_inheritance/bootstrap/start.php:60
[31-Jan-2016 12:39:10 UTC] PHP   4. Illuminate\Foundation\ProviderRepository->load() /home/ubuntu/workspace/2503ict1/lab4/temp_inheritance/vendor/laravel/framework/src/Illuminate/Foundation/start.php:210
[31-Jan-2016 12:39:10 UTC] PHP   5. Illuminate\Foundation\ProviderRepository->compileManifest() /home/ubuntu/workspace/2503ict1/lab4/temp_inheritance/vendor/laravel/framework/src/Illuminate/Foundation/ProviderRepository.php:57
[31-Jan-2016 12:39:10 UTC] PHP   6. Illuminate\Foundation\ProviderRepository->createProvider() /home/ubuntu/workspace/2503ict1/lab4/temp_inheritance/vendor/laravel/framework/src/Illuminate/Foundation/ProviderRepository.php:121
[31-Jan-2016 12:52:07 UTC] PHP Fatal error:  Class 'Way\Generators\GeneratorsServiceProvider' not found in /home/ubuntu/workspace/2503ict1/lab4/temp_inheritance/vendor/laravel/framework/src/Illuminate/Foundation/ProviderRepository.php on line 157
[31-Jan-2016 12:52:07 UTC] PHP Stack trace:
[31-Jan-2016 12:52:07 UTC] PHP   1. {main}() /home/ubuntu/workspace/2503ict1/lab4/temp_inheritance/artisan:0
[31-Jan-2016 12:52:07 UTC] PHP   2. require_once() /home/ubuntu/workspace/2503ict1/lab4/temp_inheritance/artisan:30
[31-Jan-2016 12:52:07 UTC] PHP   3. require() /home/ubuntu/workspace/2503ict1/lab4/temp_inheritance/bootstrap/start.php:60
[31-Jan-2016 12:52:07 UTC] PHP   4. Illuminate\Foundation\ProviderRepository->load() /home/ubuntu/workspace/2503ict1/lab4/temp_inheritance/vendor/laravel/framework/src/Illuminate/Foundation/start.php:210
[31-Jan-2016 12:52:07 UTC] PHP   5. Illuminate\Foundation\ProviderRepository->compileManifest() /home/ubuntu/workspace/2503ict1/lab4/temp_inheritance/vendor/laravel/framework/src/Illuminate/Foundation/ProviderRepository.php:57
[31-Jan-2016 12:52:07 UTC] PHP   6. Illuminate\Foundation\ProviderRepository->createProvider() /home/ubuntu/workspace/2503ict1/lab4/temp_inheritance/vendor/laravel/framework/src/Illuminate/Foundation/ProviderRepository.php:121
[31-Jan-2016 12:52:19 UTC] PHP Fatal error:  Class 'Way\Generators\GeneratorsServiceProvider' not found in /home/ubuntu/workspace/2503ict1/lab4/temp_inheritance/vendor/laravel/framework/src/Illuminate/Foundation/ProviderRepository.php on line 157
[31-Jan-2016 12:52:19 UTC] PHP Stack trace:
[31-Jan-2016 12:52:19 UTC] PHP   1. {main}() /home/ubuntu/workspace/2503ict1/lab4/temp_inheritance/artisan:0
[31-Jan-2016 12:52:19 UTC] PHP   2. require_once() /home/ubuntu/workspace/2503ict1/lab4/temp_inheritance/artisan:30
[31-Jan-2016 12:52:19 UTC] PHP   3. require() /home/ubuntu/workspace/2503ict1/lab4/temp_inheritance/bootstrap/start.php:60
[31-Jan-2016 12:52:19 UTC] PHP   4. Illuminate\Foundation\ProviderRepository->load() /home/ubuntu/workspace/2503ict1/lab4/temp_inheritance/vendor/laravel/framework/src/Illuminate/Foundation/start.php:210
[31-Jan-2016 12:52:19 UTC] PHP   5. Illuminate\Foundation\ProviderRepository->compileManifest() /home/ubuntu/workspace/2503ict1/lab4/temp_inheritance/vendor/laravel/framework/src/Illuminate/Foundation/ProviderRepository.php:57
[31-Jan-2016 12:52:19 UTC] PHP   6. Illuminate\Foundation\ProviderRepository->createProvider() /home/ubuntu/workspace/2503ict1/lab4/temp_inheritance/vendor/laravel/framework/src/Illuminate/Foundation/ProviderRepository.php:121
